{"total": {"lines":{"total":92,"covered":90,"skipped":0,"pct":97.82},"statements":{"total":105,"covered":103,"skipped":0,"pct":98.09},"functions":{"total":20,"covered":20,"skipped":0,"pct":100},"branches":{"total":59,"covered":59,"skipped":0,"pct":100},"branchesTrue":{"total":0,"covered":0,"skipped":0,"pct":"Unknown"}}
,"/Users/hoqua/Desktop/work/pets/use-local-storage-safe/src/index.ts": {"lines":{"total":89,"covered":87,"skipped":0,"pct":97.75},"functions":{"total":17,"covered":17,"skipped":0,"pct":100},"statements":{"total":99,"covered":97,"skipped":0,"pct":97.97},"branches":{"total":59,"covered":59,"skipped":0,"pct":100}}
,"/Users/hoqua/Desktop/work/pets/use-local-storage-safe/src/server-store-mock.ts": {"lines":{"total":3,"covered":3,"skipped":0,"pct":100},"functions":{"total":3,"covered":3,"skipped":0,"pct":100},"statements":{"total":6,"covered":6,"skipped":0,"pct":100},"branches":{"total":0,"covered":0,"skipped":0,"pct":100}}
}
